[debug] [2018-06-16T11:43:17.671Z] ----------------------------------------------------------------------
[debug] [2018-06-16T11:43:17.675Z] Command:       /home/ubuntu/.nvm/versions/node/v6.11.2/bin/node /home/ubuntu/.nvm/versions/node/v6.11.2/bin/firebase login
[debug] [2018-06-16T11:43:17.675Z] CLI Version:   3.18.6
[debug] [2018-06-16T11:43:17.675Z] Platform:      linux
[debug] [2018-06-16T11:43:17.675Z] Node Version:  v6.11.2
[debug] [2018-06-16T11:43:17.676Z] Time:          Sat Jun 16 2018 17:43:17 GMT+0600 (+06)
[debug] [2018-06-16T11:43:17.676Z] ----------------------------------------------------------------------
[debug] 
[info] 
[info] Visit this URL on any device to log in:
[info] https://accounts.google.com/o/oauth2/auth?client_id=563584335869-fgrhgmd47bqnekij5i8b5pr03ho849e6.apps.googleusercontent.com&scope=email%20openid%20https%3A%2F%2Fwww.googleapis.com%2Fauth%2Fcloudplatformprojects.readonly%20https%3A%2F%2Fwww.googleapis.com%2Fauth%2Ffirebase%20https%3A%2F%2Fwww.googleapis.com%2Fauth%2Fcloud-platform&response_type=code&state=283606056&redirect_uri=http%3A%2F%2Flocalhost%3A9005
[info] 
[info] Waiting for authentication...
[debug] [2018-06-16T11:49:57.827Z] ----------------------------------------------------------------------
[debug] [2018-06-16T11:49:57.831Z] Command:       /home/ubuntu/.nvm/versions/node/v6.11.2/bin/node /home/ubuntu/.nvm/versions/node/v6.11.2/bin/firebase login
[debug] [2018-06-16T11:49:57.831Z] CLI Version:   3.18.6
[debug] [2018-06-16T11:49:57.831Z] Platform:      linux
[debug] [2018-06-16T11:49:57.831Z] Node Version:  v6.11.2
[debug] [2018-06-16T11:49:57.832Z] Time:          Sat Jun 16 2018 17:49:57 GMT+0600 (+06)
[debug] [2018-06-16T11:49:57.832Z] ----------------------------------------------------------------------
[debug] 
[info] 
[info] Visit this URL on any device to log in:
[info] https://accounts.google.com/o/oauth2/auth?client_id=563584335869-fgrhgmd47bqnekij5i8b5pr03ho849e6.apps.googleusercontent.com&scope=email%20openid%20https%3A%2F%2Fwww.googleapis.com%2Fauth%2Fcloudplatformprojects.readonly%20https%3A%2F%2Fwww.googleapis.com%2Fauth%2Ffirebase%20https%3A%2F%2Fwww.googleapis.com%2Fauth%2Fcloud-platform&response_type=code&state=737619321&redirect_uri=http%3A%2F%2Flocalhost%3A9005
[info] 
[info] Waiting for authentication...
